2025-07-15 14:10:09,873 [INFO] FaceRecognizer initialisation started
2025-07-15 14:10:09,873 [DEBUG] Platform detected: system=Darwin, machine=arm64
2025-07-15 14:10:09,873 [INFO] Using model 'Megatron' at /Users/pranav/.inspireface/models/Megatron
2025-07-15 14:10:09,873 [INFO] is_rockchip resolved to False
2025-07-15 14:10:09,873 [INFO] Launching InspireFace engine …
2025-07-15 14:10:09,877 [DEBUG] isf.launch returned True
2025-07-15 14:10:10,174 [INFO] Enabling FeatureHub …
2025-07-15 14:10:10,177 [DEBUG] feature_hub_enable returned True
2025-07-15 14:10:10,178 [INFO] Session launched – Rockchip: False, model path: /Users/pranav/.inspireface/models/Megatron
2025-07-15 14:10:11,984 [DEBUG] Raw frame shape: (480, 640, 3)
2025-07-15 14:10:12,129 [DEBUG] Raw frame shape: (480, 640, 3)
2025-07-15 14:10:12,142 [DEBUG] Detected face – box=(205,193,326,329) w=121 h=136
2025-07-15 14:10:12,260 [DEBUG] Raw frame shape: (480, 640, 3)
2025-07-15 14:10:12,271 [DEBUG] Detected face – box=(205,193,330,335) w=125 h=142
2025-07-15 14:10:12,324 [DEBUG] Raw frame shape: (480, 640, 3)
2025-07-15 14:10:12,334 [DEBUG] Detected face – box=(204,194,332,339) w=128 h=145
2025-07-15 14:10:12,389 [DEBUG] Raw frame shape: (480, 640, 3)
2025-07-15 14:10:12,400 [DEBUG] Detected face – box=(204,194,332,337) w=128 h=143
2025-07-15 14:10:12,452 [DEBUG] Raw frame shape: (480, 640, 3)
2025-07-15 14:10:12,462 [DEBUG] Detected face – box=(204,195,332,337) w=128 h=142
2025-07-15 14:10:12,546 [DEBUG] Raw frame shape: (480, 640, 3)
2025-07-15 14:10:12,557 [DEBUG] Detected face – box=(204,196,337,345) w=133 h=149
2025-07-15 14:10:12,613 [DEBUG] Raw frame shape: (480, 640, 3)
2025-07-15 14:10:12,624 [DEBUG] Detected face – box=(204,196,334,340) w=130 h=144
2025-07-15 14:10:12,680 [DEBUG] Raw frame shape: (480, 640, 3)
2025-07-15 14:10:12,691 [DEBUG] Detected face – box=(204,197,337,344) w=133 h=147
2025-07-15 14:10:12,746 [DEBUG] Raw frame shape: (480, 640, 3)
2025-07-15 14:10:12,757 [DEBUG] Detected face – box=(205,198,334,338) w=129 h=140
2025-07-15 14:10:12,812 [DEBUG] Raw frame shape: (480, 640, 3)
2025-07-15 14:10:12,823 [DEBUG] Detected face – box=(206,198,335,335) w=129 h=137
2025-07-15 14:10:12,879 [DEBUG] Raw frame shape: (480, 640, 3)
2025-07-15 14:10:12,890 [DEBUG] Detected face – box=(204,199,335,339) w=131 h=140
2025-07-15 14:10:12,946 [DEBUG] Raw frame shape: (480, 640, 3)
2025-07-15 14:10:12,958 [DEBUG] Detected face – box=(206,199,337,338) w=131 h=139
2025-07-15 14:10:13,012 [DEBUG] Raw frame shape: (480, 640, 3)
2025-07-15 14:10:13,024 [DEBUG] Detected face – box=(207,199,337,338) w=130 h=139
2025-07-15 14:10:13,080 [DEBUG] Raw frame shape: (480, 640, 3)
2025-07-15 14:10:13,091 [DEBUG] Detected face – box=(209,199,336,336) w=127 h=137
2025-07-15 14:10:13,146 [DEBUG] Raw frame shape: (480, 640, 3)
2025-07-15 14:10:13,158 [DEBUG] Detected face – box=(210,198,336,334) w=126 h=136
2025-07-15 14:10:13,211 [DEBUG] Raw frame shape: (480, 640, 3)
2025-07-15 14:10:13,223 [DEBUG] Detected face – box=(210,198,339,338) w=129 h=140
2025-07-15 14:10:13,279 [DEBUG] Raw frame shape: (480, 640, 3)
2025-07-15 14:10:13,291 [DEBUG] Detected face – box=(210,198,340,339) w=130 h=141
2025-07-15 14:10:13,347 [DEBUG] Raw frame shape: (480, 640, 3)
2025-07-15 14:10:13,357 [DEBUG] Detected face – box=(212,199,340,336) w=128 h=137
2025-07-15 14:10:13,413 [DEBUG] Raw frame shape: (480, 640, 3)
2025-07-15 14:10:13,425 [DEBUG] Detected face – box=(213,200,343,338) w=130 h=138
2025-07-15 14:10:13,478 [DEBUG] Raw frame shape: (480, 640, 3)
2025-07-15 14:10:13,490 [DEBUG] Detected face – box=(212,200,342,339) w=130 h=139
2025-07-15 14:10:13,546 [DEBUG] Raw frame shape: (480, 640, 3)
2025-07-15 14:10:13,558 [DEBUG] Detected face – box=(208,199,340,337) w=132 h=138
2025-07-15 14:10:13,613 [DEBUG] Raw frame shape: (480, 640, 3)
2025-07-15 14:10:13,624 [DEBUG] Detected face – box=(205,198,335,339) w=130 h=141
2025-07-15 14:10:13,680 [DEBUG] Raw frame shape: (480, 640, 3)
2025-07-15 14:10:13,692 [DEBUG] Detected face – box=(205,199,335,337) w=130 h=138
2025-07-15 14:10:13,747 [DEBUG] Raw frame shape: (480, 640, 3)
2025-07-15 14:10:13,758 [DEBUG] Detected face – box=(204,200,334,340) w=130 h=140
2025-07-15 14:10:13,812 [DEBUG] Raw frame shape: (480, 640, 3)
2025-07-15 14:10:13,823 [DEBUG] Detected face – box=(202,199,333,338) w=131 h=139
2025-07-15 14:10:13,880 [DEBUG] Raw frame shape: (480, 640, 3)
2025-07-15 14:10:13,892 [DEBUG] Detected face – box=(201,199,330,335) w=129 h=136
2025-07-15 14:10:13,947 [DEBUG] Raw frame shape: (480, 640, 3)
2025-07-15 14:10:13,958 [DEBUG] Detected face – box=(200,201,328,333) w=128 h=132
2025-07-15 14:10:14,014 [DEBUG] Raw frame shape: (480, 640, 3)
2025-07-15 14:10:14,025 [DEBUG] Detected face – box=(200,201,328,333) w=128 h=132
2025-07-15 14:10:14,080 [DEBUG] Raw frame shape: (480, 640, 3)
2025-07-15 14:10:14,092 [DEBUG] Detected face – box=(201,200,330,336) w=129 h=136
2025-07-15 14:10:14,145 [DEBUG] Raw frame shape: (480, 640, 3)
2025-07-15 14:10:14,157 [DEBUG] Detected face – box=(201,200,327,332) w=126 h=132
2025-07-15 14:10:14,213 [DEBUG] Raw frame shape: (480, 640, 3)
2025-07-15 14:10:14,225 [DEBUG] Detected face – box=(203,200,329,332) w=126 h=132
2025-07-15 14:10:14,280 [DEBUG] Raw frame shape: (480, 640, 3)
2025-07-15 14:10:14,291 [DEBUG] Detected face – box=(207,199,340,335) w=133 h=136
2025-07-15 14:10:14,347 [DEBUG] Raw frame shape: (480, 640, 3)
2025-07-15 14:10:14,359 [DEBUG] Detected face – box=(209,200,339,332) w=130 h=132
2025-07-15 14:10:14,414 [DEBUG] Raw frame shape: (480, 640, 3)
2025-07-15 14:10:14,426 [DEBUG] Detected face – box=(209,201,337,334) w=128 h=133
2025-07-15 14:10:14,479 [DEBUG] Raw frame shape: (480, 640, 3)
2025-07-15 14:10:14,490 [DEBUG] Detected face – box=(209,202,338,340) w=129 h=138
2025-07-15 14:10:14,547 [DEBUG] Raw frame shape: (480, 640, 3)
2025-07-15 14:10:14,559 [DEBUG] Detected face – box=(209,202,338,336) w=129 h=134
2025-07-15 14:10:14,613 [DEBUG] Raw frame shape: (480, 640, 3)
2025-07-15 14:10:14,625 [DEBUG] Detected face – box=(211,206,336,338) w=125 h=132
2025-07-15 14:10:14,681 [DEBUG] Raw frame shape: (480, 640, 3)
2025-07-15 14:10:14,693 [DEBUG] Detected face – box=(212,207,339,332) w=127 h=125
2025-07-15 14:10:14,747 [DEBUG] Raw frame shape: (480, 640, 3)
2025-07-15 14:10:14,759 [DEBUG] Detected face – box=(212,206,341,340) w=129 h=134
2025-07-15 14:10:14,812 [DEBUG] Raw frame shape: (480, 640, 3)
2025-07-15 14:10:14,823 [DEBUG] Detected face – box=(213,205,341,342) w=128 h=137
2025-07-15 14:10:14,880 [DEBUG] Raw frame shape: (480, 640, 3)
2025-07-15 14:10:14,892 [DEBUG] Detected face – box=(213,204,342,341) w=129 h=137
2025-07-15 14:10:14,947 [DEBUG] Raw frame shape: (480, 640, 3)
2025-07-15 14:10:14,959 [DEBUG] Detected face – box=(214,203,343,341) w=129 h=138
2025-07-15 14:10:15,014 [DEBUG] Raw frame shape: (480, 640, 3)
2025-07-15 14:10:15,026 [DEBUG] Detected face – box=(214,202,344,340) w=130 h=138
2025-07-15 14:10:15,081 [DEBUG] Raw frame shape: (480, 640, 3)
2025-07-15 14:10:15,092 [DEBUG] Detected face – box=(216,201,345,340) w=129 h=139
2025-07-15 14:10:15,145 [DEBUG] Raw frame shape: (480, 640, 3)
2025-07-15 14:10:15,157 [DEBUG] Detected face – box=(217,200,345,339) w=128 h=139
2025-07-15 14:10:15,214 [DEBUG] Raw frame shape: (480, 640, 3)
2025-07-15 14:10:15,225 [DEBUG] Detected face – box=(218,198,346,337) w=128 h=139
2025-07-15 14:10:15,282 [DEBUG] Raw frame shape: (480, 640, 3)
2025-07-15 14:10:15,293 [DEBUG] Detected face – box=(219,197,348,337) w=129 h=140
2025-07-15 14:10:15,347 [DEBUG] Raw frame shape: (480, 640, 3)
2025-07-15 14:10:15,358 [DEBUG] Detected face – box=(220,196,349,336) w=129 h=140
2025-07-15 14:10:15,414 [DEBUG] Raw frame shape: (480, 640, 3)
2025-07-15 14:10:15,425 [DEBUG] Detected face – box=(222,196,352,337) w=130 h=141
2025-07-15 14:10:15,482 [DEBUG] Raw frame shape: (480, 640, 3)
2025-07-15 14:10:15,493 [DEBUG] Detected face – box=(224,195,354,336) w=130 h=141
2025-07-15 14:10:15,548 [DEBUG] Raw frame shape: (480, 640, 3)
2025-07-15 14:10:15,559 [DEBUG] Detected face – box=(226,195,355,336) w=129 h=141
2025-07-15 14:10:15,615 [DEBUG] Raw frame shape: (480, 640, 3)
2025-07-15 14:10:15,627 [DEBUG] Detected face – box=(227,195,356,335) w=129 h=140
2025-07-15 14:10:15,679 [DEBUG] Raw frame shape: (480, 640, 3)
2025-07-15 14:10:15,690 [DEBUG] Detected face – box=(230,194,357,335) w=127 h=141
2025-07-15 14:10:15,746 [DEBUG] Raw frame shape: (480, 640, 3)
2025-07-15 14:10:15,758 [DEBUG] Detected face – box=(232,193,359,334) w=127 h=141
2025-07-15 14:10:15,814 [DEBUG] Raw frame shape: (480, 640, 3)
2025-07-15 14:10:15,826 [DEBUG] Detected face – box=(234,193,360,331) w=126 h=138
2025-07-15 14:10:15,882 [DEBUG] Raw frame shape: (480, 640, 3)
2025-07-15 14:10:15,893 [DEBUG] Detected face – box=(234,191,361,330) w=127 h=139
2025-07-15 14:10:15,948 [DEBUG] Raw frame shape: (480, 640, 3)
2025-07-15 14:10:15,960 [DEBUG] Detected face – box=(235,189,362,327) w=127 h=138
2025-07-15 14:10:16,013 [DEBUG] Raw frame shape: (480, 640, 3)
2025-07-15 14:10:16,025 [DEBUG] Detected face – box=(237,189,366,326) w=129 h=137
2025-07-15 14:10:16,080 [DEBUG] Raw frame shape: (480, 640, 3)
2025-07-15 14:10:16,092 [DEBUG] Detected face – box=(239,188,368,324) w=129 h=136
2025-07-15 14:10:16,148 [DEBUG] Raw frame shape: (480, 640, 3)
2025-07-15 14:10:16,159 [DEBUG] Detected face – box=(241,188,371,324) w=130 h=136
2025-07-15 14:10:16,214 [DEBUG] Raw frame shape: (480, 640, 3)
2025-07-15 14:10:16,226 [DEBUG] Detected face – box=(243,188,373,324) w=130 h=136
2025-07-15 14:10:16,281 [DEBUG] Raw frame shape: (480, 640, 3)
2025-07-15 14:10:16,293 [DEBUG] Detected face – box=(244,187,375,324) w=131 h=137
2025-07-15 14:10:16,349 [DEBUG] Raw frame shape: (480, 640, 3)
2025-07-15 14:10:16,360 [DEBUG] Detected face – box=(245,187,377,324) w=132 h=137
2025-07-15 14:10:16,415 [DEBUG] Raw frame shape: (480, 640, 3)
2025-07-15 14:10:16,427 [DEBUG] Detected face – box=(245,187,377,324) w=132 h=137
2025-07-15 14:10:16,481 [DEBUG] Raw frame shape: (480, 640, 3)
2025-07-15 14:10:16,493 [DEBUG] Detected face – box=(246,186,377,324) w=131 h=138
2025-07-15 14:10:16,548 [DEBUG] Raw frame shape: (480, 640, 3)
2025-07-15 14:10:16,559 [DEBUG] Detected face – box=(246,187,377,325) w=131 h=138
2025-07-15 14:10:16,615 [DEBUG] Raw frame shape: (480, 640, 3)
2025-07-15 14:10:16,627 [DEBUG] Detected face – box=(246,187,378,325) w=132 h=138
2025-07-15 14:10:16,680 [DEBUG] Raw frame shape: (480, 640, 3)
2025-07-15 14:10:16,692 [DEBUG] Detected face – box=(247,186,378,325) w=131 h=139
2025-07-15 14:10:16,749 [DEBUG] Raw frame shape: (480, 640, 3)
2025-07-15 14:10:16,760 [DEBUG] Detected face – box=(248,186,379,324) w=131 h=138
2025-07-15 14:10:16,814 [DEBUG] Raw frame shape: (480, 640, 3)
2025-07-15 14:10:16,825 [DEBUG] Detected face – box=(248,186,378,324) w=130 h=138
2025-07-15 14:10:16,881 [DEBUG] Raw frame shape: (480, 640, 3)
2025-07-15 14:10:16,893 [DEBUG] Detected face – box=(248,187,378,325) w=130 h=138
2025-07-15 14:10:16,948 [DEBUG] Raw frame shape: (480, 640, 3)
2025-07-15 14:10:16,960 [DEBUG] Detected face – box=(248,187,378,325) w=130 h=138
2025-07-15 14:10:17,016 [DEBUG] Raw frame shape: (480, 640, 3)
2025-07-15 14:10:17,027 [DEBUG] Detected face – box=(248,187,378,325) w=130 h=138
2025-07-15 14:10:17,082 [DEBUG] Raw frame shape: (480, 640, 3)
2025-07-15 14:10:17,094 [DEBUG] Detected face – box=(248,187,378,324) w=130 h=137
2025-07-15 14:10:17,147 [DEBUG] Raw frame shape: (480, 640, 3)
2025-07-15 14:10:17,159 [DEBUG] Detected face – box=(247,187,377,325) w=130 h=138
2025-07-15 14:10:17,215 [DEBUG] Raw frame shape: (480, 640, 3)
2025-07-15 14:10:17,226 [DEBUG] Detected face – box=(247,187,377,324) w=130 h=137
2025-07-15 14:10:17,281 [DEBUG] Raw frame shape: (480, 640, 3)
2025-07-15 14:10:17,293 [DEBUG] Detected face – box=(247,187,377,325) w=130 h=138
2025-07-15 14:10:17,349 [DEBUG] Raw frame shape: (480, 640, 3)
2025-07-15 14:10:17,361 [DEBUG] Detected face – box=(247,187,377,325) w=130 h=138
2025-07-15 14:10:17,416 [DEBUG] Raw frame shape: (480, 640, 3)
2025-07-15 14:10:17,427 [DEBUG] Detected face – box=(247,187,377,325) w=130 h=138
2025-07-15 14:10:17,481 [DEBUG] Raw frame shape: (480, 640, 3)
2025-07-15 14:10:17,492 [DEBUG] Detected face – box=(247,187,377,326) w=130 h=139
2025-07-15 14:10:17,549 [DEBUG] Raw frame shape: (480, 640, 3)
2025-07-15 14:10:17,560 [DEBUG] Detected face – box=(247,187,377,325) w=130 h=138
2025-07-15 14:10:17,616 [DEBUG] Raw frame shape: (480, 640, 3)
2025-07-15 14:10:17,627 [DEBUG] Detected face – box=(247,187,378,325) w=131 h=138
2025-07-15 14:10:17,683 [DEBUG] Raw frame shape: (480, 640, 3)
2025-07-15 14:10:17,694 [DEBUG] Detected face – box=(247,188,378,326) w=131 h=138
2025-07-15 14:10:17,749 [DEBUG] Raw frame shape: (480, 640, 3)
2025-07-15 14:10:17,761 [DEBUG] Detected face – box=(247,188,378,326) w=131 h=138
2025-07-15 14:10:17,814 [DEBUG] Raw frame shape: (480, 640, 3)
2025-07-15 14:10:17,825 [DEBUG] Detected face – box=(247,188,377,327) w=130 h=139
2025-07-15 14:10:17,882 [DEBUG] Raw frame shape: (480, 640, 3)
2025-07-15 14:10:17,894 [DEBUG] Detected face – box=(247,188,377,327) w=130 h=139
2025-07-15 14:10:17,949 [DEBUG] Raw frame shape: (480, 640, 3)
2025-07-15 14:10:17,961 [DEBUG] Detected face – box=(247,188,377,327) w=130 h=139
2025-07-15 14:10:18,016 [DEBUG] Raw frame shape: (480, 640, 3)
2025-07-15 14:10:18,028 [DEBUG] Detected face – box=(247,188,377,327) w=130 h=139
2025-07-15 14:10:18,083 [DEBUG] Raw frame shape: (480, 640, 3)
2025-07-15 14:10:18,094 [DEBUG] Detected face – box=(247,188,377,327) w=130 h=139
2025-07-15 14:10:18,148 [DEBUG] Raw frame shape: (480, 640, 3)
2025-07-15 14:10:18,159 [DEBUG] Detected face – box=(246,187,377,326) w=131 h=139
2025-07-15 14:10:18,216 [DEBUG] Raw frame shape: (480, 640, 3)
2025-07-15 14:10:18,227 [DEBUG] Detected face – box=(246,187,377,326) w=131 h=139
2025-07-15 14:10:18,282 [DEBUG] Raw frame shape: (480, 640, 3)
2025-07-15 14:10:18,294 [DEBUG] Detected face – box=(246,188,376,327) w=130 h=139
2025-07-15 14:10:18,349 [DEBUG] Raw frame shape: (480, 640, 3)
2025-07-15 14:10:18,360 [DEBUG] Detected face – box=(246,188,377,327) w=131 h=139
2025-07-15 14:10:18,416 [DEBUG] Raw frame shape: (480, 640, 3)
2025-07-15 14:10:18,428 [DEBUG] Detected face – box=(246,187,377,326) w=131 h=139
2025-07-15 14:10:18,481 [DEBUG] Raw frame shape: (480, 640, 3)
2025-07-15 14:10:18,493 [DEBUG] Detected face – box=(246,188,376,327) w=130 h=139
2025-07-15 14:10:18,549 [DEBUG] Raw frame shape: (480, 640, 3)
2025-07-15 14:10:18,561 [DEBUG] Detected face – box=(246,187,378,325) w=132 h=138
2025-07-15 14:10:18,617 [DEBUG] Raw frame shape: (480, 640, 3)
2025-07-15 14:10:18,628 [DEBUG] Detected face – box=(246,188,376,326) w=130 h=138
